Determining if the pthread_create exist failed with the following output:
Change Dir: /home/ccc_v1_w_00ea0_41885/asn12768_Project_3/asn12769_Project_3/work/catkin_ws/build/CMakeFiles/CMakeTmp

Run Build Command:/usr/bin/make "cmTryCompileExec3850874395/fast"
/usr/bin/make -f CMakeFiles/cmTryCompileExec3850874395.dir/build.make CMakeFiles/cmTryCompileExec3850874395.dir/build
make[1]: Entering directory `/home/ccc_v1_w_00ea0_41885/asn12768_Project_3/asn12769_Project_3/work/catkin_ws/build/CMakeFiles/CMakeTmp'
/usr/bin/cmake -E cmake_progress_report /home/ccc_v1_w_00ea0_41885/asn12768_Project_3/asn12769_Project_3/work/catkin_ws/build/CMakeFiles/CMakeTmp/CMakeFiles 1
Building C object CMakeFiles/cmTryCompileExec3850874395.dir/CheckSymbolExists.c.o
/usr/bin/cc    -o CMakeFiles/cmTryCompileExec3850874395.dir/CheckSymbolExists.c.o   -c /home/ccc_v1_w_00ea0_41885/asn12768_Project_3/asn12769_Project_3/work/catkin_ws/build/CMakeFiles/CMakeTmp/CheckSymbolExists.c
Linking C executable cmTryCompileExec3850874395
/usr/bin/cmake -E cmake_link_script CMakeFiles/cmTryCompileExec3850874395.dir/link.txt --verbose=1
/usr/bin/cc       CMakeFiles/cmTryCompileExec3850874395.dir/CheckSymbolExists.c.o  -o cmTryCompileExec3850874395 -rdynamic 
CMakeFiles/cmTryCompileExec3850874395.dir/CheckSymbolExists.c.o: In function `main':
CheckSymbolExists.c:(.text+0x16): undefined reference to `pthread_create'
collect2: error: ld returned 1 exit status
make[1]: *** [cmTryCompileExec3850874395] Error 1
make[1]: Leaving directory `/home/ccc_v1_w_00ea0_41885/asn12768_Project_3/asn12769_Project_3/work/catkin_ws/build/CMakeFiles/CMakeTmp'
make: *** [cmTryCompileExec3850874395/fast] Error 2

File /home/ccc_v1_w_00ea0_41885/asn12768_Project_3/asn12769_Project_3/work/catkin_ws/build/CMakeFiles/CMakeTmp/CheckSymbolExists.c:
/* */
#include <pthread.h>

int main(int argc, char** argv)
{
  (void)argv;
#ifndef pthread_create
  return ((int*)(&pthread_create))[argc];
#else
  (void)argc;
  return 0;
#endif
}

Determining if the function pthread_create exists in the pthreads failed with the following output:
Change Dir: /home/ccc_v1_w_00ea0_41885/asn12768_Project_3/asn12769_Project_3/work/catkin_ws/build/CMakeFiles/CMakeTmp

Run Build Command:/usr/bin/make "cmTryCompileExec3214041231/fast"
/usr/bin/make -f CMakeFiles/cmTryCompileExec3214041231.dir/build.make CMakeFiles/cmTryCompileExec3214041231.dir/build
make[1]: Entering directory `/home/ccc_v1_w_00ea0_41885/asn12768_Project_3/asn12769_Project_3/work/catkin_ws/build/CMakeFiles/CMakeTmp'
/usr/bin/cmake -E cmake_progress_report /home/ccc_v1_w_00ea0_41885/asn12768_Project_3/asn12769_Project_3/work/catkin_ws/build/CMakeFiles/CMakeTmp/CMakeFiles 1
Building C object CMakeFiles/cmTryCompileExec3214041231.dir/CheckFunctionExists.c.o
/usr/bin/cc   -DCHECK_FUNCTION_EXISTS=pthread_create   -o CMakeFiles/cmTryCompileExec3214041231.dir/CheckFunctionExists.c.o   -c /usr/share/cmake-2.8/Modules/CheckFunctionExists.c
Linking C executable cmTryCompileExec3214041231
/usr/bin/cmake -E cmake_link_script CMakeFiles/cmTryCompileExec3214041231.dir/link.txt --verbose=1
/usr/bin/cc   -DCHECK_FUNCTION_EXISTS=pthread_create    CMakeFiles/cmTryCompileExec3214041231.dir/CheckFunctionExists.c.o  -o cmTryCompileExec3214041231 -rdynamic -lpthreads 
/usr/bin/ld: cannot find -lpthreads
collect2: error: ld returned 1 exit status
make[1]: *** [cmTryCompileExec3214041231] Error 1
make[1]: Leaving directory `/home/ccc_v1_w_00ea0_41885/asn12768_Project_3/asn12769_Project_3/work/catkin_ws/build/CMakeFiles/CMakeTmp'
make: *** [cmTryCompileExec3214041231/fast] Error 2


